[00:00:00] [Server thread/WARN]: Can't keep up! Is the server overloaded? Running 10176ms or 203 ticks behind
[00:00:21] [Server thread/WARN]: Can't keep up! Is the server overloaded? Running 6223ms or 124 ticks behind
[00:00:42] [Server thread/WARN]: Can't keep up! Is the server overloaded? Running 5501ms or 110 ticks behind
[00:00:44] [Server thread/INFO]: <OLPETTI> PALIKKAPELI ON IHAN HUONO
[00:01:02] [Server thread/WARN]: Can't keep up! Is the server overloaded? Running 5165ms or 103 ticks behind
[00:01:23] [Server thread/WARN]: Can't keep up! Is the server overloaded? Running 6242ms or 124 ticks behind
[00:01:48] [Server thread/WARN]: Can't keep up! Is the server overloaded? Running 9918ms or 198 ticks behind
[00:01:51] [Server thread/INFO]: OLPETTI lost connection: Disconnected
[00:01:51] [Server thread/INFO]: OLPETTI left the game
[00:02:05] [Server thread/WARN]: Can't keep up! Is the server overloaded? Running 2279ms or 45 ticks behind
[00:02:50] [User Authenticator #147/INFO]: UUID of player OLPETTI is 7faea6ad-851c-4c6b-b4a9-f7fc3bb4d54f
[00:02:50] [Server thread/INFO]: OLPETTI[/91.154.188.92:50992] logged in with entity id 1230271 at (367.79056886929123, 62.84519738667366, -200.69658852107568)
[00:02:50] [Server thread/INFO]: OLPETTI joined the game
[00:02:52] [Server thread/WARN]: Can't keep up! Is the server overloaded? Running 2004ms or 40 ticks behind
[00:03:07] [Server thread/INFO]: OLPETTI hit the ground too hard
[00:03:13] [Server thread/INFO]: <OLPETTI> >VOIUJ ETUSIBHNGD
[00:03:14] [Server thread/INFO]: <vaatsu> F
[00:03:15] [Server thread/WARN]: Can't keep up! Is the server overloaded? Running 7359ms or 147 ticks behind
[00:03:23] [Server thread/INFO]: <OLPETTI> HEITIN TOMMOSEN ENDER AEJDY(sihugmfk
[00:03:37] [Server thread/WARN]: Can't keep up! Is the server overloaded? Running 7729ms or 154 ticks behind
[00:04:03] [Server thread/WARN]: Can't keep up! Is the server overloaded? Running 10925ms or 218 ticks behind
[00:04:30] [Server thread/WARN]: Can't keep up! Is the server overloaded? Running 11264ms or 225 ticks behind
[00:04:56] [Server thread/WARN]: Can't keep up! Is the server overloaded? Running 11615ms or 232 ticks behind
[00:05:24] [Server thread/WARN]: Can't keep up! Is the server overloaded? Running 12936ms or 258 ticks behind
[00:05:51] [Server thread/WARN]: Can't keep up! Is the server overloaded? Running 12372ms or 247 ticks behind
[00:06:18] [Server thread/WARN]: Can't keep up! Is the server overloaded? Running 12054ms or 241 ticks behind
[00:06:46] [Server thread/WARN]: Can't keep up! Is the server overloaded? Running 12721ms or 254 ticks behind
[00:07:14] [Server thread/WARN]: Can't keep up! Is the server overloaded? Running 13192ms or 263 ticks behind
[00:07:44] [Server thread/WARN]: Can't keep up! Is the server overloaded? Running 14860ms or 297 ticks behind
[00:07:45] [Server thread/INFO]: <OLPETTI> endiinki vois laittaa anvilin
[00:07:59] [Server thread/INFO]: <vaatsu> jep
[00:08:06] [Server thread/INFO]: <vaatsu> piän ite ain ender arkus ylimääräst
[00:08:12] [Server thread/WARN]: Can't keep up! Is the server overloaded? Running 12825ms or 256 ticks behind
[00:08:24] [Server thread/WARN]: Fetching packet for removed entity atx['Air'/1231801, l='world', x=194.07, y=70.00, z=-164.39]
[00:08:24] [Server thread/WARN]: Fetching packet for removed entity atx['Air'/1231801, l='world', x=194.07, y=70.00, z=-164.39]
[00:08:35] [Server thread/WARN]: Can't keep up! Is the server overloaded? Running 8094ms or 161 ticks behind
[00:08:43] [Server thread/INFO]: <OLPETTI> ei oo rauta
[00:08:46] [Server thread/INFO]: <OLPETTI> joten ei
[00:08:58] [Server thread/WARN]: Can't keep up! Is the server overloaded? Running 7948ms or 158 ticks behind
[00:09:02] [Server thread/WARN]: vaatsu moved too quickly! 2.598206793405609,-5.480832681985177,16.612772652050353
[00:09:26] [Server thread/WARN]: Can't keep up! Is the server overloaded? Running 13262ms or 265 ticks behind
[00:09:29] [Server thread/WARN]: Fetching packet for removed entity atx['Air'/1232597, l='world', x=185.20, y=70.00, z=-165.38]
[00:09:33] [Server thread/WARN]: vaatsu was kicked for floating too long!
[00:09:33] [Server thread/INFO]: vaatsu lost connection: Flying is not enabled on this server
[00:09:33] [Server thread/INFO]: vaatsu left the game
[00:09:36] [User Authenticator #148/INFO]: UUID of player vaatsu is f23d634f-8f4d-4766-81b8-5c237d82feb5
[00:09:36] [Server thread/INFO]: vaatsu[/82.130.33.14:55093] logged in with entity id 1232647 at (369.299999974668, 68.0000002, -219.70000002533197)
[00:09:36] [Server thread/INFO]: vaatsu joined the game
[00:09:53] [Server thread/WARN]: Can't keep up! Is the server overloaded? Running 11329ms or 226 ticks behind
[00:10:19] [Server thread/WARN]: Can't keep up! Is the server overloaded? Running 11442ms or 228 ticks behind
[00:10:38] [Server thread/WARN]: OLPETTI moved too quickly! -2197.4817754209203,15.464159374955443,-410.2516487094981
[00:10:38] [Server thread/WARN]: OLPETTI moved too quickly! -2197.4817754209203,15.464159374955443,-410.2516487094981
[00:10:46] [Server thread/WARN]: Can't keep up! Is the server overloaded? Running 12349ms or 246 ticks behind
[00:11:10] [Server thread/WARN]: Can't keep up! Is the server overloaded? Running 8592ms or 171 ticks behind
[00:11:38] [Server thread/WARN]: Can't keep up! Is the server overloaded? Running 12939ms or 258 ticks behind
[00:11:53] [Server thread/INFO]: <OLPETTI> miksi tämä mob farmi eai toimi
[00:12:06] [Server thread/WARN]: Can't keep up! Is the server overloaded? Running 13062ms or 261 ticks behind
[00:12:34] [Server thread/WARN]: Can't keep up! Is the server overloaded? Running 12839ms or 256 ticks behind
[00:13:01] [Server thread/WARN]: Can't keep up! Is the server overloaded? Running 13021ms or 260 ticks behind
[00:13:28] [Server thread/WARN]: Fetching packet for removed entity atx['Air'/1234935, l='world', x=194.88, y=70.00, z=-167.69]
[00:13:29] [Server thread/WARN]: Can't keep up! Is the server overloaded? Running 12733ms or 254 ticks behind
[00:13:57] [Server thread/WARN]: Can't keep up! Is the server overloaded? Running 12989ms or 259 ticks behind
[00:14:11] [Server thread/WARN]: Fetching packet for removed entity atx['Air'/1235613, l='world', x=186.61, y=70.00, z=-167.43]
[00:14:24] [Server thread/WARN]: Can't keep up! Is the server overloaded? Running 12212ms or 244 ticks behind
[00:14:50] [Server thread/WARN]: Can't keep up! Is the server overloaded? Running 11133ms or 222 ticks behind
[00:15:03] [Server thread/INFO]: <OLPETTI> Onko joku editoinut tätä farmia
[00:15:19] [Server thread/WARN]: Can't keep up! Is the server overloaded? Running 13247ms or 264 ticks behind
[00:15:28] [Server thread/INFO]: <vaatsu> toimi se tänää aikasemmi
[00:15:37] [Server thread/INFO]: <vaatsu> toin sinne vaa ton ender chestin
[00:15:40] [Server thread/INFO]: <OLPETTI> tää sweep ei toimi tää hyökkää aina yhtä
[00:15:44] [Server thread/INFO]: <OLPETTI> ei grouppia
[00:15:47] [Server thread/WARN]: Can't keep up! Is the server overloaded? Running 13653ms or 273 ticks behind
[00:16:16] [Server thread/WARN]: Can't keep up! Is the server overloaded? Running 13223ms or 264 ticks behind
[00:16:47] [Server thread/WARN]: Can't keep up! Is the server overloaded? Running 16261ms or 325 ticks behind
[00:17:16] [Server thread/WARN]: Can't keep up! Is the server overloaded? Running 14516ms or 290 ticks behind
[00:17:37] [Server thread/WARN]: Fetching packet for removed entity atx['Air'/1237067, l='world', x=191.51, y=70.00, z=-166.06]
[00:17:42] [Server thread/INFO]: <OLPETTI> mulla tulee hitaampaa xp ku eilen 50 levusena ja oon 30 lvl
[00:17:46] [Server thread/WARN]: Can't keep up! Is the server overloaded? Running 15217ms or 304 ticks behind
[00:18:16] [Server thread/WARN]: Can't keep up! Is the server overloaded? Running 14341ms or 286 ticks behind
[00:18:42] [Server thread/WARN]: Can't keep up! Is the server overloaded? Running 11579ms or 231 ticks behind
[00:18:54] [Server thread/WARN]: Fetching packet for removed entity atx['Air'/1237350, l='world', x=189.71, y=70.00, z=-163.86]
[00:18:54] [Server thread/WARN]: Fetching packet for removed entity atx['Air'/1237350, l='world', x=189.71, y=70.00, z=-163.86]
[00:19:07] [Server thread/WARN]: Can't keep up! Is the server overloaded? Running 9964ms or 199 ticks behind
[00:19:32] [Server thread/WARN]: Can't keep up! Is the server overloaded? Running 10186ms or 203 ticks behind
[00:19:57] [Server thread/WARN]: Can't keep up! Is the server overloaded? Running 9392ms or 187 ticks behind
[00:20:04] [Server thread/WARN]: Fetching packet for removed entity atx['Air'/1237553, l='world', x=185.20, y=70.00, z=-166.99]
[00:20:04] [Server thread/WARN]: Fetching packet for removed entity atx['Air'/1237553, l='world', x=185.20, y=70.00, z=-166.99]
[00:20:10] [Server thread/WARN]: Fetching packet for removed entity atx['Air'/1237562, l='world', x=198.22, y=70.00, z=-162.67]
[00:20:10] [Server thread/WARN]: Fetching packet for removed entity atx['Air'/1237562, l='world', x=198.22, y=70.00, z=-162.67]
[00:20:21] [Server thread/WARN]: Can't keep up! Is the server overloaded? Running 9255ms or 185 ticks behind
[00:20:45] [Server thread/WARN]: Can't keep up! Is the server overloaded? Running 9419ms or 188 ticks behind
[00:20:55] [Server thread/WARN]: Fetching packet for removed entity atx['Air'/1237909, l='world', x=188.82, y=70.00, z=-165.29]
[00:20:55] [Server thread/WARN]: Fetching packet for removed entity atx['Air'/1237909, l='world', x=188.82, y=70.00, z=-165.29]
[00:21:10] [Server thread/WARN]: Can't keep up! Is the server overloaded? Running 10006ms or 200 ticks behind
[00:21:16] [Server thread/INFO]: <OLPETTI> mulla on 9 emeraldia ja tarviin vielä yli 2 stackia enkä saa enää mistää emeraldei
[00:21:36] [Server thread/WARN]: Can't keep up! Is the server overloaded? Running 10525ms or 210 ticks behind
[00:22:01] [Server thread/WARN]: Can't keep up! Is the server overloaded? Running 10111ms or 202 ticks behind
[00:22:25] [Server thread/WARN]: Can't keep up! Is the server overloaded? Running 9185ms or 183 ticks behind
[00:22:50] [Server thread/WARN]: Can't keep up! Is the server overloaded? Running 9625ms or 192 ticks behind
[00:23:14] [Server thread/WARN]: Can't keep up! Is the server overloaded? Running 9396ms or 187 ticks behind
[00:23:38] [Server thread/WARN]: Can't keep up! Is the server overloaded? Running 9376ms or 187 ticks behind
[00:24:03] [Server thread/WARN]: Can't keep up! Is the server overloaded? Running 9440ms or 188 ticks behind
[00:24:16] [Server thread/WARN]: Fetching packet for removed entity atx['Air'/1238849, l='world', x=187.48, y=70.00, z=-163.84]
[00:24:16] [Server thread/WARN]: Fetching packet for removed entity atx['Air'/1238849, l='world', x=187.48, y=70.00, z=-163.84]
[00:24:27] [Server thread/WARN]: Fetching packet for removed entity atx['Air'/1238956, l='world', x=199.05, y=70.00, z=-164.21]
[00:24:27] [Server thread/WARN]: Fetching packet for removed entity atx['Air'/1238956, l='world', x=199.05, y=70.00, z=-164.21]
[00:24:27] [Server thread/WARN]: Fetching packet for removed entity atx['Air'/1238956, l='world', x=199.05, y=70.00, z=-164.21]
[00:24:27] [Server thread/WARN]: Can't keep up! Is the server overloaded? Running 9376ms or 187 ticks behind
[00:24:29] [Server thread/WARN]: Fetching packet for removed entity atx['Air'/1238957, l='world', x=192.84, y=70.00, z=-161.83]
[00:24:29] [Server thread/WARN]: Fetching packet for removed entity atx['Air'/1238957, l='world', x=192.84, y=70.00, z=-161.83]
[00:24:40] [Server thread/INFO]: <OLPETTI> tää peli on ihan DansGame
[00:24:49] [Server thread/WARN]: Fetching packet for removed entity atx['Air'/1239140, l='world', x=186.57, y=70.00, z=-164.39]
[00:24:52] [Server thread/INFO]: vaatsu has made the advancement [Hot Stuff]
[00:24:53] [Server thread/WARN]: Can't keep up! Is the server overloaded? Running 10685ms or 213 ticks behind
[00:25:02] [Server thread/INFO]: <OLPETTI> NYT?!?!?
[00:25:08] [Server thread/INFO]: <OLPETTI> gz kumminki
[00:25:13] [Server thread/INFO]: <vaatsu> kuumaa kamaa
[00:25:14] [Server thread/WARN]: Fetching packet for removed entity atx['Air'/1239226, l='world', x=187.35, y=70.00, z=-163.75]
[00:25:20] [Server thread/WARN]: OLPETTI moved too quickly! 0.26266241113387423,0.0,10.275557144453984
[00:25:22] [Server thread/WARN]: Can't keep up! Is the server overloaded? Running 13784ms or 275 ticks behind
[00:25:24] [Server thread/WARN]: Fetching packet for removed entity atx['Air'/1239255, l='world', x=198.15, y=70.00, z=-162.38]
[00:25:26] [Server thread/INFO]: <vaatsu> en oo viel saanu Getting an upgradee :D
[00:25:48] [Server thread/WARN]: Can't keep up! Is the server overloaded? Running 11689ms or 233 ticks behind
[00:26:13] [Server thread/WARN]: Can't keep up! Is the server overloaded? Running 10002ms or 200 ticks behind
[00:26:41] [Server thread/WARN]: Can't keep up! Is the server overloaded? Running 13135ms or 262 ticks behind
[00:27:08] [Server thread/WARN]: Can't keep up! Is the server overloaded? Running 11836ms or 236 ticks behind
[00:27:35] [Server thread/WARN]: Can't keep up! Is the server overloaded? Running 12068ms or 241 ticks behind
[00:27:46] [Server thread/WARN]: Fetching packet for removed entity atx['Air'/1239890, l='world', x=192.83, y=70.00, z=-161.83]
[00:28:02] [Server thread/WARN]: Can't keep up! Is the server overloaded? Running 11836ms or 236 ticks behind
[00:28:24] [Server thread/INFO]: <OLPETTI> onko jollai turtle eggejä
[00:28:29] [Server thread/WARN]: Can't keep up! Is the server overloaded? Running 12343ms or 246 ticks behind
[00:28:49] [Server thread/INFO]: <vaatsu> tarkoitat kai Skäldpaddaägg?
[00:28:56] [Server thread/WARN]: Can't keep up! Is the server overloaded? Running 11444ms or 228 ticks behind
[00:29:03] [Server thread/INFO]: <OLPETTI> heitin ne pois en halua ruotsalaisia kilpikonnia
[00:29:22] [Server thread/WARN]: Can't keep up! Is the server overloaded? Running 11096ms or 221 ticks behind
[00:29:32] [Server thread/INFO]: <OLPETTI> DansGame
[00:29:45] [Server thread/WARN]: Can't keep up! Is the server overloaded? Running 7923ms or 158 ticks behind
[00:30:06] [Server thread/WARN]: Can't keep up! Is the server overloaded? Running 6626ms or 132 ticks behind
[00:30:28] [Server thread/WARN]: Can't keep up! Is the server overloaded? Running 6479ms or 129 ticks behind
[00:30:35] [Server thread/INFO]: <vaatsu> rip ne konnat
[00:30:48] [Server thread/WARN]: Fetching packet for removed entity atx['Air'/1240643, l='world', x=193.41, y=70.00, z=-165.90]
[00:30:48] [Server thread/WARN]: Fetching packet for removed entity atx['Air'/1240643, l='world', x=193.41, y=70.00, z=-165.90]
[00:30:49] [Server thread/WARN]: Can't keep up! Is the server overloaded? Running 6367ms or 127 ticks behind
[00:31:10] [Server thread/WARN]: Can't keep up! Is the server overloaded? Running 6100ms or 122 ticks behind
[00:31:20] [Server thread/INFO]: <OLPETTI> rip miljoonat kanat jota syödään joka päivä munan muodossa että eläimen muodossa keitettynä paistettuna uppopaistettuna
[00:31:32] [Server thread/WARN]: Can't keep up! Is the server overloaded? Running 7303ms or 146 ticks behind
[00:31:35] [Server thread/WARN]: Fetching packet for removed entity atx['Air'/1241002, l='world', x=192.81, y=70.00, z=-167.28]
[00:31:35] [Server thread/WARN]: Fetching packet for removed entity atx['Air'/1241002, l='world', x=192.81, y=70.00, z=-167.28]
[00:31:53] [Server thread/WARN]: Can't keep up! Is the server overloaded? Running 5725ms or 114 ticks behind
[00:32:14] [Server thread/WARN]: Can't keep up! Is the server overloaded? Running 5977ms or 119 ticks behind
[00:32:35] [Server thread/WARN]: Can't keep up! Is the server overloaded? Running 6087ms or 121 ticks behind
[00:32:55] [Server thread/WARN]: Can't keep up! Is the server overloaded? Running 4995ms or 99 ticks behind
[00:33:04] [Server thread/WARN]: Fetching packet for removed entity atx['Air'/1241374, l='world', x=188.73, y=70.00, z=-166.58]
[00:33:04] [Server thread/WARN]: Fetching packet for removed entity atx['Air'/1241374, l='world', x=188.73, y=70.00, z=-166.58]
[00:33:18] [Server thread/WARN]: Fetching packet for removed entity atx['Air'/1241397, l='world', x=190.89, y=70.00, z=-162.17]
[00:33:18] [Server thread/WARN]: Fetching packet for removed entity atx['Air'/1241397, l='world', x=190.89, y=70.00, z=-162.17]
[00:33:18] [Server thread/WARN]: Can't keep up! Is the server overloaded? Running 8306ms or 166 ticks behind
[00:33:42] [Server thread/WARN]: Can't keep up! Is the server overloaded? Running 8664ms or 173 ticks behind
[00:34:04] [Server thread/WARN]: Can't keep up! Is the server overloaded? Running 6911ms or 138 ticks behind
[00:34:17] [Server thread/WARN]: Fetching packet for removed entity atx['Air'/1241843, l='world', x=192.87, y=70.00, z=-161.83]
[00:34:17] [Server thread/WARN]: Fetching packet for removed entity atx['Air'/1241843, l='world', x=192.87, y=70.00, z=-161.83]
[00:34:26] [Server thread/WARN]: Can't keep up! Is the server overloaded? Running 6843ms or 136 ticks behind
[00:34:46] [Server thread/WARN]: Can't keep up! Is the server overloaded? Running 5636ms or 112 ticks behind
[00:35:01] [Server thread/INFO]: <OLPETTI> onksul egei
[00:35:05] [Server thread/INFO]: <Omppu_San> ei
[00:35:07] [Server thread/WARN]: Can't keep up! Is the server overloaded? Running 5225ms or 104 ticks behind
[00:35:22] [Server thread/INFO]: <Omppu_San> mp tää
[00:35:26] [Server thread/WARN]: Can't keep up! Is the server overloaded? Running 4881ms or 97 ticks behind
[00:35:36] [Server thread/INFO]: <OLPETTI> joo
[00:35:37] [Server thread/INFO]: <Omppu_San> älä ota mun koristeita :(
[00:35:45] [Server thread/INFO]: <OLPETTI> otan
[00:35:46] [Server thread/WARN]: Can't keep up! Is the server overloaded? Running 4693ms or 93 ticks behind
[00:35:52] [Server thread/INFO]: <Omppu_San> hanki uuet
[00:36:08] [Server thread/WARN]: Can't keep up! Is the server overloaded? Running 6851ms or 137 ticks behind
[00:36:30] [Server thread/WARN]: Can't keep up! Is the server overloaded? Running 7513ms or 150 ticks behind
[00:36:42] [Server thread/WARN]: Fetching packet for removed entity atx['Air'/1242430, l='world', x=188.24, y=70.00, z=-162.95]
[00:36:42] [Server thread/WARN]: Fetching packet for removed entity atx['Air'/1242430, l='world', x=188.24, y=70.00, z=-162.95]
[00:36:53] [Server thread/WARN]: Can't keep up! Is the server overloaded? Running 8003ms or 160 ticks behind
[00:36:58] [Server thread/INFO]: <OLPETTI> saanko
[00:37:07] [Server thread/WARN]: Fetching packet for removed entity atx['Air'/1242495, l='world', x=187.22, y=70.00, z=-167.19]
[00:37:07] [Server thread/WARN]: Fetching packet for removed entity atx['Air'/1242495, l='world', x=187.22, y=70.00, z=-167.19]
[00:37:15] [Server thread/WARN]: Can't keep up! Is the server overloaded? Running 6733ms or 134 ticks behind
[00:37:29] [Server thread/WARN]: Fetching packet for removed entity atx['Air'/1242563, l='world', x=186.43, y=70.00, z=-164.21]
[00:37:29] [Server thread/WARN]: Fetching packet for removed entity atx['Air'/1242563, l='world', x=186.43, y=70.00, z=-164.21]
[00:37:30] [Server thread/WARN]: Fetching packet for removed entity atx['Air'/1242568, l='world', x=194.90, y=70.00, z=-166.94]
[00:37:30] [Server thread/WARN]: Fetching packet for removed entity atx['Air'/1242568, l='world', x=194.90, y=70.00, z=-166.94]
[00:37:38] [Server thread/WARN]: Can't keep up! Is the server overloaded? Running 7448ms or 148 ticks behind
[00:37:44] [Server thread/INFO]: Omppu_San lost connection: Disconnected
[00:37:44] [Server thread/INFO]: Omppu_San left the game
[00:38:00] [Server thread/WARN]: Can't keep up! Is the server overloaded? Running 7720ms or 154 ticks behind
[00:38:02] [Server thread/INFO]: <OLPETTI> mis oot
[00:38:08] [Server thread/INFO]: <vaatsu> vesitornil
[00:38:22] [Server thread/WARN]: Can't keep up! Is the server overloaded? Running 6607ms or 132 ticks behind
[00:38:43] [Server thread/WARN]: Can't keep up! Is the server overloaded? Running 5768ms or 115 ticks behind
[00:39:02] [Server thread/WARN]: Can't keep up! Is the server overloaded? Running 4094ms or 81 ticks behind
[00:39:26] [Server thread/WARN]: Can't keep up! Is the server overloaded? Running 9494ms or 189 ticks behind
[00:39:47] [Server thread/WARN]: Can't keep up! Is the server overloaded? Running 6078ms or 121 ticks behind
[00:39:56] [Server thread/INFO]: <OLPETTI> miten saan laitettua noita egejä tonne turtle farmiin ku se on täynnä turtleja
[00:40:02] [Server thread/INFO]: <vaatsu> tapa ne kilpparit
[00:40:07] [Server thread/WARN]: Can't keep up! Is the server overloaded? Running 5333ms or 106 ticks behind
[00:40:13] [Server thread/INFO]: <OLPETTI> olk
[00:40:14] [Server thread/INFO]: <OLPETTI> ok
[00:40:26] [Server thread/WARN]: Can't keep up! Is the server overloaded? Running 3491ms or 69 ticks behind
[00:41:30] [Server thread/WARN]: Can't keep up! Is the server overloaded? Running 2010ms or 40 ticks behind
[00:41:51] [Server thread/WARN]: Can't keep up! Is the server overloaded? Running 5681ms or 113 ticks behind
[00:42:11] [Server thread/WARN]: Can't keep up! Is the server overloaded? Running 5282ms or 105 ticks behind
[00:42:29] [Server thread/WARN]: Can't keep up! Is the server overloaded? Running 3281ms or 65 ticks behind
[00:44:06] [Server thread/WARN]: Can't keep up! Is the server overloaded? Running 3098ms or 61 ticks behind
[00:44:08] [Server thread/WARN]: OLPETTI moved too quickly! -2197.457143017778,15.233632006042477,-410.0823612931379
[00:44:08] [Server thread/WARN]: OLPETTI moved too quickly! -2197.457143017778,15.233632006042477,-410.0823612931379
[00:44:24] [Server thread/WARN]: Can't keep up! Is the server overloaded? Running 2008ms or 40 ticks behind
[00:44:43] [Server thread/WARN]: Can't keep up! Is the server overloaded? Running 2003ms or 40 ticks behind
[00:45:02] [Server thread/WARN]: Can't keep up! Is the server overloaded? Running 3702ms or 74 ticks behind
[00:45:23] [Server thread/WARN]: Can't keep up! Is the server overloaded? Running 6624ms or 132 ticks behind
[00:45:46] [Server thread/WARN]: Can't keep up! Is the server overloaded? Running 7188ms or 143 ticks behind
[00:46:08] [Server thread/WARN]: Can't keep up! Is the server overloaded? Running 7128ms or 142 ticks behind
[00:46:34] [Server thread/WARN]: Can't keep up! Is the server overloaded? Running 10988ms or 219 ticks behind
[00:46:57] [Server thread/WARN]: Can't keep up! Is the server overloaded? Running 8328ms or 166 ticks behind
[00:47:19] [Server thread/WARN]: Can't keep up! Is the server overloaded? Running 7320ms or 146 ticks behind
[00:47:39] [Server thread/WARN]: Can't keep up! Is the server overloaded? Running 4539ms or 90 ticks behind
[00:47:58] [Server thread/WARN]: Can't keep up! Is the server overloaded? Running 4317ms or 86 ticks behind
[00:48:15] [Server thread/WARN]: Can't keep up! Is the server overloaded? Running 2001ms or 40 ticks behind
[00:49:04] [Server thread/WARN]: Can't keep up! Is the server overloaded? Running 2004ms or 40 ticks behind
[00:49:21] [Server thread/WARN]: Fetching packet for removed entity atx['Air'/1248467, l='world', x=198.02, y=70.00, z=-164.93]
[00:49:21] [Server thread/WARN]: Can't keep up! Is the server overloaded? Running 2297ms or 45 ticks behind
[00:49:42] [Server thread/WARN]: Can't keep up! Is the server overloaded? Running 2003ms or 40 ticks behind
[00:50:00] [Server thread/WARN]: Can't keep up! Is the server overloaded? Running 2601ms or 52 ticks behind
[00:50:22] [Server thread/WARN]: Can't keep up! Is the server overloaded? Running 7199ms or 143 ticks behind
[00:50:41] [Server thread/WARN]: Can't keep up! Is the server overloaded? Running 4194ms or 83 ticks behind
[00:51:01] [Server thread/WARN]: Can't keep up! Is the server overloaded? Running 4999ms or 99 ticks behind
[00:51:21] [Server thread/WARN]: Can't keep up! Is the server overloaded? Running 4507ms or 90 ticks behind
[00:51:40] [Server thread/WARN]: Can't keep up! Is the server overloaded? Running 4495ms or 89 ticks behind
[00:52:00] [Server thread/WARN]: Can't keep up! Is the server overloaded? Running 5186ms or 103 ticks behind
[00:52:20] [Server thread/WARN]: Can't keep up! Is the server overloaded? Running 4565ms or 91 ticks behind
[00:52:45] [Server thread/WARN]: Can't keep up! Is the server overloaded? Running 9740ms or 194 ticks behind
[00:53:09] [Server thread/WARN]: Can't keep up! Is the server overloaded? Running 9101ms or 182 ticks behind
[00:53:32] [Server thread/WARN]: Can't keep up! Is the server overloaded? Running 8679ms or 173 ticks behind
[00:53:55] [Server thread/WARN]: Can't keep up! Is the server overloaded? Running 7603ms or 152 ticks behind
[00:54:16] [Server thread/WARN]: Can't keep up! Is the server overloaded? Running 6511ms or 130 ticks behind
[00:54:35] [Server thread/WARN]: Can't keep up! Is the server overloaded? Running 3799ms or 75 ticks behind
[00:54:53] [Server thread/WARN]: Can't keep up! Is the server overloaded? Running 2813ms or 56 ticks behind
[00:55:13] [Server thread/WARN]: Can't keep up! Is the server overloaded? Running 4844ms or 96 ticks behind
[00:55:38] [Server thread/WARN]: Can't keep up! Is the server overloaded? Running 2009ms or 40 ticks behind
[00:55:57] [Server thread/WARN]: Can't keep up! Is the server overloaded? Running 4212ms or 84 ticks behind
[00:56:16] [Server thread/WARN]: Can't keep up! Is the server overloaded? Running 3610ms or 72 ticks behind
[00:56:34] [Server thread/WARN]: Can't keep up! Is the server overloaded? Running 2749ms or 54 ticks behind
[00:56:36] [Server thread/WARN]: Fetching packet for removed entity atx['Air'/1251150, l='world', x=187.85, y=70.00, z=-165.46]
[00:56:52] [Server thread/WARN]: Can't keep up! Is the server overloaded? Running 2002ms or 40 ticks behind
[00:57:20] [Server thread/WARN]: Can't keep up! Is the server overloaded? Running 2006ms or 40 ticks behind
[00:57:42] [Server thread/WARN]: Can't keep up! Is the server overloaded? Running 6775ms or 135 ticks behind
[00:58:03] [Server thread/WARN]: Can't keep up! Is the server overloaded? Running 5669ms or 113 ticks behind
[00:58:21] [Server thread/WARN]: Can't keep up! Is the server overloaded? Running 3406ms or 68 ticks behind
[00:58:40] [Server thread/WARN]: Can't keep up! Is the server overloaded? Running 4059ms or 81 ticks behind
[00:58:59] [Server thread/WARN]: Can't keep up! Is the server overloaded? Running 4052ms or 81 ticks behind
[00:59:19] [Server thread/WARN]: Can't keep up! Is the server overloaded? Running 5220ms or 104 ticks behind
[00:59:38] [Server thread/WARN]: Can't keep up! Is the server overloaded? Running 3424ms or 68 ticks behind
[00:59:56] [Server thread/WARN]: Can't keep up! Is the server overloaded? Running 3472ms or 69 ticks behind
[01:00:16] [Server thread/WARN]: Can't keep up! Is the server overloaded? Running 4605ms or 92 ticks behind
[01:00:35] [Server thread/WARN]: Can't keep up! Is the server overloaded? Running 4167ms or 83 ticks behind
[01:00:54] [Server thread/WARN]: Can't keep up! Is the server overloaded? Running 3842ms or 76 ticks behind
[01:01:12] [Server thread/WARN]: Can't keep up! Is the server overloaded? Running 3095ms or 61 ticks behind
[01:01:31] [Server thread/WARN]: Can't keep up! Is the server overloaded? Running 4474ms or 89 ticks behind
[01:01:49] [Server thread/WARN]: Fetching packet for removed entity atx['Air'/1252730, l='world', x=199.10, y=70.00, z=-163.79]
[01:01:51] [Server thread/WARN]: Can't keep up! Is the server overloaded? Running 4244ms or 84 ticks behind
[01:02:12] [Server thread/WARN]: Can't keep up! Is the server overloaded? Running 6215ms or 124 ticks behind
[01:02:31] [Server thread/WARN]: Can't keep up! Is the server overloaded? Running 3885ms or 77 ticks behind
[01:02:49] [Server thread/WARN]: Can't keep up! Is the server overloaded? Running 2006ms or 40 ticks behind
[01:03:03] [Server thread/WARN]: Fetching packet for removed entity atx['Air'/1253115, l='world', x=198.68, y=70.00, z=-167.28]
[01:03:04] [Server thread/WARN]: Fetching packet for removed entity atx['Air'/1253121, l='world', x=186.68, y=70.00, z=-167.36]
[01:03:06] [Server thread/WARN]: Can't keep up! Is the server overloaded? Running 2342ms or 46 ticks behind
[01:03:25] [Server thread/WARN]: Can't keep up! Is the server overloaded? Running 3500ms or 70 ticks behind
[01:03:33] [Server thread/INFO]: <OLPETTI> tuutko endiin mun kans
[01:03:45] [Server thread/WARN]: Can't keep up! Is the server overloaded? Running 2002ms or 40 ticks behind
[01:03:53] [Server thread/INFO]: <OLPETTI> z
[01:04:20] [Server thread/INFO]: <OLPETTI> ei sit
[01:04:27] [Server thread/INFO]: <vaatsu> emmää ny
[01:04:39] [Server thread/WARN]: Can't keep up! Is the server overloaded? Running 2006ms or 40 ticks behind
[01:04:42] [Server thread/INFO]: <vaatsu> haluuks et nukun
[01:04:52] [Server thread/INFO]: <OLPETTI> oon nether
[01:04:54] [Server thread/INFO]: <OLPETTI> ei välii
[01:04:56] [Server thread/WARN]: Can't keep up! Is the server overloaded? Running 2222ms or 44 ticks behind
[01:05:11] [Server thread/WARN]: OLPETTI moved too quickly! 8.403879200969817,0.597060731388126,5.48618731502914
[01:05:14] [Server thread/WARN]: Can't keep up! Is the server overloaded? Running 2965ms or 59 ticks behind
[01:05:16] [Server thread/INFO]: <OLPETTI> kasvaako turtlet jos se chunkki ei oo ladatutu
[01:05:44] [Server thread/INFO]: <vaatsu> ei vissii
[01:05:56] [Server thread/INFO]: <OLPETTI> pitää jättää kone auki yöksi :D:D:D:D:D:
[01:06:00] [Server thread/INFO]: <OLPETTI> LOLOL
[01:06:03] [Server thread/INFO]: <OLPETTI> HAUSKA JUTTU
[01:06:54] [Server thread/WARN]: Can't keep up! Is the server overloaded? Running 2596ms or 51 ticks behind
[01:06:55] [Server thread/WARN]: OLPETTI moved too quickly! -2197.652922277364,15.1875,-409.9130170536826
[01:07:13] [Server thread/WARN]: OLPETTI moved too quickly! 10.286401608818181,0.8322033533667454,0.06320344307040582
[01:07:15] [Server thread/WARN]: Can't keep up! Is the server overloaded? Running 2001ms or 40 ticks behind
[01:07:34] [Server thread/WARN]: Can't keep up! Is the server overloaded? Running 3855ms or 77 ticks behind
[01:07:52] [Server thread/WARN]: Can't keep up! Is the server overloaded? Running 3614ms or 72 ticks behind
[01:08:11] [Server thread/WARN]: Can't keep up! Is the server overloaded? Running 2011ms or 40 ticks behind
[01:09:36] [Server thread/INFO]: <vaatsu> kaikkea mitä kilpparit vaatii
[01:09:42] [Server thread/INFO]: <vaatsu> jää yön yli valvoo ja vahtii
[01:09:55] [Server thread/WARN]: Can't keep up! Is the server overloaded? Running 2008ms or 40 ticks behind
[01:10:17] [Server thread/WARN]: Can't keep up! Is the server overloaded? Running 7639ms or 152 ticks behind
[01:10:41] [Server thread/WARN]: Can't keep up! Is the server overloaded? Running 8551ms or 171 ticks behind
[01:10:45] [Server thread/WARN]: OLPETTI moved too quickly! -0.003733324853101294,0.023088109101550458,-10.232692463351157
[01:11:04] [Server thread/WARN]: Can't keep up! Is the server overloaded? Running 8709ms or 174 ticks behind
[01:11:27] [Server thread/WARN]: Can't keep up! Is the server overloaded? Running 7605ms or 152 ticks behind
[01:11:49] [Server thread/WARN]: Can't keep up! Is the server overloaded? Running 6546ms or 130 ticks behind
[01:12:10] [Server thread/WARN]: Can't keep up! Is the server overloaded? Running 6779ms or 135 ticks behind
[01:12:32] [Server thread/WARN]: Can't keep up! Is the server overloaded? Running 7149ms or 142 ticks behind
[01:12:56] [Server thread/WARN]: Can't keep up! Is the server overloaded? Running 8717ms or 174 ticks behind
[01:13:20] [Server thread/WARN]: Can't keep up! Is the server overloaded? Running 9288ms or 185 ticks behind
[01:13:44] [Server thread/WARN]: Can't keep up! Is the server overloaded? Running 9152ms or 183 ticks behind
[01:14:08] [Server thread/WARN]: Can't keep up! Is the server overloaded? Running 8449ms or 168 ticks behind
[01:14:26] [Server thread/WARN]: Can't keep up! Is the server overloaded? Running 3037ms or 60 ticks behind
[01:14:49] [Server thread/WARN]: Can't keep up! Is the server overloaded? Running 8542ms or 170 ticks behind
[01:15:12] [Server thread/WARN]: Can't keep up! Is the server overloaded? Running 8042ms or 160 ticks behind
[01:15:37] [Server thread/WARN]: Can't keep up! Is the server overloaded? Running 9238ms or 184 ticks behind
[01:15:44] [Server thread/INFO]: <OLPETTI> eikö sulla tullu nälkä kun afk fishasit
[01:16:00] [Server thread/WARN]: Can't keep up! Is the server overloaded? Running 8799ms or 175 ticks behind
[01:16:03] [Server thread/INFO]: <vaatsu> ei
[01:16:07] [Server thread/INFO]: <OLPETTI> mikse
[01:16:09] [Server thread/INFO]: <OLPETTI> ei
[01:16:24] [Server thread/WARN]: Can't keep up! Is the server overloaded? Running 8735ms or 174 ticks behind
[01:16:33] [Server thread/INFO]: <vaatsu> ei se kuluta hungerii
[01:16:47] [Server thread/WARN]: Can't keep up! Is the server overloaded? Running 8222ms or 164 ticks behind
[01:16:48] [Server thread/INFO]: <OLPETTI> ahaaa
[01:17:10] [Server thread/WARN]: Can't keep up! Is the server overloaded? Running 8147ms or 162 ticks behind
[01:17:35] [Server thread/WARN]: Can't keep up! Is the server overloaded? Running 9228ms or 184 ticks behind
[01:17:59] [Server thread/WARN]: Can't keep up! Is the server overloaded? Running 9247ms or 184 ticks behind
[01:18:22] [Server thread/WARN]: Can't keep up! Is the server overloaded? Running 8512ms or 170 ticks behind
[01:18:27] [Server thread/WARN]: OLPETTI moved too quickly! 9.905459194396371,0.023088109101536247,-2.5191042927222043
[01:18:47] [Server thread/WARN]: Can't keep up! Is the server overloaded? Running 9927ms or 198 ticks behind
[01:19:11] [Server thread/WARN]: Can't keep up! Is the server overloaded? Running 8530ms or 170 ticks behind
[01:19:34] [Server thread/WARN]: Can't keep up! Is the server overloaded? Running 8156ms or 163 ticks behind
[01:19:58] [Server thread/WARN]: Can't keep up! Is the server overloaded? Running 8870ms or 177 ticks behind
[01:20:21] [Server thread/WARN]: Can't keep up! Is the server overloaded? Running 8772ms or 175 ticks behind
[01:20:44] [Server thread/WARN]: Can't keep up! Is the server overloaded? Running 8144ms or 162 ticks behind
[01:21:08] [Server thread/WARN]: Can't keep up! Is the server overloaded? Running 8374ms or 167 ticks behind
[01:21:32] [Server thread/WARN]: Can't keep up! Is the server overloaded? Running 9526ms or 190 ticks behind
[01:21:56] [Server thread/WARN]: Can't keep up! Is the server overloaded? Running 9173ms or 183 ticks behind
[01:22:20] [Server thread/WARN]: Can't keep up! Is the server overloaded? Running 8384ms or 167 ticks behind
[01:22:44] [Server thread/WARN]: Can't keep up! Is the server overloaded? Running 8749ms or 174 ticks behind
[01:25:07] [Server thread/WARN]: Can't keep up! Is the server overloaded? Running 2033ms or 40 ticks behind
[01:27:57] [Server thread/INFO]: <OLPETTI> pa pa pa pa paa pa pa pa pa paa pa pa pa pa pa pa pa pa paaa
[01:28:32] [Server thread/WARN]: OLPETTI moved too quickly! -0.017900077680337745,0.25799910351528865,10.15213419655538
[01:30:04] [Server thread/WARN]: OLPETTI moved too quickly! -3.214630410178188,0.8322033533667508,9.74729669746921
[01:31:22] [User Authenticator #149/INFO]: UUID of player Ankkala is 753d607e-fd6b-4c73-9816-2f91c556df35
[01:31:22] [Server thread/INFO]: Ankkala[/192.168.2.73:47826] logged in with entity id 1265309 at (192.3040460116924, 71.0, -105.91795308572985)
[01:31:22] [Server thread/INFO]: Ankkala joined the game
[01:31:25] [Server thread/INFO]: <OLPETTI> TERVE
[01:31:27] [Server thread/INFO]: <vaatsu> yo
[01:31:27] [Server thread/INFO]: <Ankkala> hay
[01:31:43] [Server thread/WARN]: Fetching packet for removed entity atx['Air'/1265593, l='world', x=191.17, y=70.00, z=-164.85]
[01:31:51] [Server thread/WARN]: Can't keep up! Is the server overloaded? Running 2001ms or 40 ticks behind
[01:32:20] [Server thread/INFO]: <Ankkala> tääällä on porukkaa taas
[01:32:34] [Server thread/INFO]: <Ankkala> järjestän jotain eeppisiä bileitä näköjään joka päivä mun kämpillä
[01:32:40] [Server thread/INFO]: <Ankkala> tätä ei voi oikein kuvailla
[01:32:53] [Server thread/INFO]: <vaatsu> nice
[01:32:54] [Server thread/INFO]: <Ankkala> mää en tiiä saanko mää tätä koko porukkaa minecraftiin
[01:33:05] [Server thread/INFO]: <Ankkala> mutta kaikki paitsi 1 on ostanu sen
[01:33:07] [Server thread/INFO]: <Ankkala> uusin tänään
[01:33:09] [Server thread/WARN]: Can't keep up! Is the server overloaded? Running 2001ms or 40 ticks behind
[01:33:30] [Server thread/INFO]: <Ankkala> mutta nyt nää soittaa mun sähkörumpuja vaikka ne ei osaa soittaa rumpuja
[01:33:42] [Server thread/INFO]: <OLPETTI> paljonko palikkapeli maksaà?
[01:33:44] [Server thread/INFO]: <Ankkala> joku kaato jotain halvinta lantrinkiviiniä lattialle ja vähän matolle
[01:33:46] [Server thread/WARN]: Can't keep up! Is the server overloaded? Running 2002ms or 40 ticks behind
[01:33:51] [Server thread/INFO]: <Ankkala> mikä on
[01:33:56] [Server thread/INFO]: <Ankkala> ai paljoko minecraft maksaa?
[01:33:57] [Server thread/WARN]: Fetching packet for removed entity atx['Air'/1266629, l='world', x=192.55, y=70.00, z=-166.79]
[01:33:59] [Server thread/INFO]: <Ankkala> 24 rahaa muistaakseni
[01:33:59] [Server thread/INFO]: <OLPETTI> kyllä
[01:34:05] [Server thread/INFO]: <Ankkala> kolikkea
[01:34:07] [Server thread/INFO]: <OLPETTI> oijoi tyyristä
[01:34:10] [Server thread/INFO]: <Ankkala> elämä on
[01:34:30] [Server thread/WARN]: Can't keep up! Is the server overloaded? Running 2002ms or 40 ticks behind
[01:34:38] [Server thread/INFO]: <OLPETTI> niin se tahtoo olla
[01:35:15] [Server thread/WARN]: OLPETTI moved too quickly! -2.840996596991431,1.1212968405391948,9.690280868867376
[01:35:15] [Server thread/WARN]: Can't keep up! Is the server overloaded? Running 4189ms or 83 ticks behind
[01:35:40] [Server thread/WARN]: Can't keep up! Is the server overloaded? Running 2004ms or 40 ticks behind
[01:36:02] [Server thread/WARN]: Fetching packet for removed entity atx['Air'/1267614, l='world', x=193.24, y=70.00, z=-165.17]
[01:36:13] [Server thread/WARN]: Can't keep up! Is the server overloaded? Running 2001ms or 40 ticks behind
[01:36:13] [Server thread/INFO]: <OLPETTI> mua säälitti vähän toi lohikäärmeen tappamine
[01:36:32] [Server thread/WARN]: Can't keep up! Is the server overloaded? Running 2001ms or 40 ticks behind
[01:36:36] [Server thread/INFO]: <vaatsu> mua kans
[01:36:45] [Server thread/INFO]: <OLPETTI> eiku harmitti
[01:37:02] [Server thread/WARN]: Can't keep up! Is the server overloaded? Running 2002ms or 40 ticks behind
[01:37:22] [Server thread/INFO]: <vaatsu> tarviin ainaki 10 stakkii mustaa dyee
[01:37:34] [Server thread/INFO]: <OLPETTI> ite elytran
[01:37:34] [Server thread/WARN]: Can't keep up! Is the server overloaded? Running 2004ms or 40 ticks behind
[01:37:44] [Server thread/INFO]: <OLPETTI> jota oon hankimas
[01:37:49] [Server thread/INFO]: <OLPETTI> ankkala tuutko endiin
[01:37:57] [Server thread/WARN]: Can't keep up! Is the server overloaded? Running 2005ms or 40 ticks behind
[01:38:25] [Server thread/WARN]: Can't keep up! Is the server overloaded? Running 2001ms or 40 ticks behind
[01:38:59] [Server thread/WARN]: Can't keep up! Is the server overloaded? Running 2006ms or 40 ticks behind
[01:39:23] [Server thread/WARN]: Can't keep up! Is the server overloaded? Running 2007ms or 40 ticks behind
[01:39:47] [Server thread/WARN]: Can't keep up! Is the server overloaded? Running 2004ms or 40 ticks behind
[01:40:24] [Server thread/WARN]: Can't keep up! Is the server overloaded? Running 2008ms or 40 ticks behind
[01:40:44] [Server thread/WARN]: Can't keep up! Is the server overloaded? Running 5235ms or 104 ticks behind
[01:41:08] [Server thread/WARN]: Can't keep up! Is the server overloaded? Running 2002ms or 40 ticks behind
[01:41:24] [Server thread/WARN]: Fetching packet for removed entity atx['Air'/1270032, l='world', x=198.56, y=70.00, z=-163.24]
[01:41:48] [Server thread/WARN]: Can't keep up! Is the server overloaded? Running 2002ms or 40 ticks behind
[01:42:12] [Server thread/WARN]: Can't keep up! Is the server overloaded? Running 2003ms or 40 ticks behind
[01:42:39] [Server thread/WARN]: Can't keep up! Is the server overloaded? Running 2003ms or 40 ticks behind
[01:42:59] [Server thread/INFO]: <OLPETTI> mun koordinaatit on -666 66 6666
[01:43:05] [Server thread/WARN]: Fetching packet for removed entity atx['Air'/1270613, l='world', x=194.50, y=70.00, z=-164.69]
[01:43:09] [Server thread/WARN]: Can't keep up! Is the server overloaded? Running 2122ms or 42 ticks behind
[01:43:28] [Server thread/WARN]: Can't keep up! Is the server overloaded? Running 3465ms or 69 ticks behind
[01:43:45] [Server thread/WARN]: Can't keep up! Is the server overloaded? Running 2203ms or 44 ticks behind
[01:44:06] [Server thread/WARN]: Can't keep up! Is the server overloaded? Running 2003ms or 40 ticks behind
[01:44:17] [Server thread/WARN]: Fetching packet for removed entity atx['Air'/1271285, l='world', x=198.77, y=70.00, z=-166.37]
[01:44:23] [Server thread/WARN]: Can't keep up! Is the server overloaded? Running 2003ms or 40 ticks behind
[01:44:44] [Server thread/WARN]: Can't keep up! Is the server overloaded? Running 2002ms or 40 ticks behind
[01:45:08] [Server thread/WARN]: Can't keep up! Is the server overloaded? Running 2006ms or 40 ticks behind
[01:45:25] [Server thread/WARN]: Can't keep up! Is the server overloaded? Running 2202ms or 44 ticks behind
[01:45:37] [Server thread/WARN]: Fetching packet for removed entity atx['Air'/1271887, l='world', x=195.77, y=70.00, z=-164.84]
[01:45:49] [Server thread/WARN]: Can't keep up! Is the server overloaded? Running 2004ms or 40 ticks behind
[01:46:14] [Server thread/WARN]: vaatsu moved too quickly! -4.584354533254725,0.0,8.939448097555328
[01:46:14] [Server thread/WARN]: Can't keep up! Is the server overloaded? Running 4535ms or 90 ticks behind
[01:46:31] [Server thread/WARN]: Can't keep up! Is the server overloaded? Running 2029ms or 40 ticks behind
[01:46:57] [Server thread/WARN]: Can't keep up! Is the server overloaded? Running 2004ms or 40 ticks behind
[01:47:16] [Server thread/WARN]: Can't keep up! Is the server overloaded? Running 2002ms or 40 ticks behind
[01:47:29] [Server thread/WARN]: vaatsu moved wrongly!
[01:47:33] [Server thread/WARN]: Can't keep up! Is the server overloaded? Running 2099ms or 41 ticks behind
[01:48:02] [Server thread/WARN]: Can't keep up! Is the server overloaded? Running 2012ms or 40 ticks behind
[01:48:23] [Server thread/WARN]: Can't keep up! Is the server overloaded? Running 2002ms or 40 ticks behind
[01:48:38] [Server thread/WARN]: Fetching packet for removed entity atx['Air'/1273207, l='world', x=192.57, y=70.00, z=-162.71]
[01:48:42] [Server thread/WARN]: Can't keep up! Is the server overloaded? Running 4194ms or 83 ticks behind
[01:48:51] [Server thread/WARN]: Fetching packet for removed entity atx['Air'/1273307, l='world', x=192.67, y=70.00, z=-166.35]
[01:49:01] [Server thread/WARN]: Can't keep up! Is the server overloaded? Running 4321ms or 86 ticks behind
[01:49:20] [Server thread/WARN]: Can't keep up! Is the server overloaded? Running 3736ms or 74 ticks behind
[01:49:39] [Server thread/WARN]: Can't keep up! Is the server overloaded? Running 4271ms or 85 ticks behind
[01:49:57] [Server thread/WARN]: Can't keep up! Is the server overloaded? Running 2023ms or 40 ticks behind
[01:50:17] [Server thread/WARN]: Can't keep up! Is the server overloaded? Running 2004ms or 40 ticks behind
[01:50:35] [Server thread/WARN]: Can't keep up! Is the server overloaded? Running 2004ms or 40 ticks behind
[01:50:36] [Server thread/WARN]: Fetching packet for removed entity atx['Air'/1274415, l='world', x=194.68, y=70.00, z=-166.75]
[01:50:52] [Server thread/WARN]: Fetching packet for removed entity atx['Air'/1274513, l='world', x=188.95, y=70.00, z=-164.74]
[01:50:53] [Server thread/WARN]: Can't keep up! Is the server overloaded? Running 2001ms or 40 ticks behind
[01:51:13] [Server thread/WARN]: Can't keep up! Is the server overloaded? Running 2004ms or 40 ticks behind
[01:51:30] [Server thread/WARN]: Can't keep up! Is the server overloaded? Running 2014ms or 40 ticks behind
[01:51:51] [Server thread/WARN]: Can't keep up! Is the server overloaded? Running 2002ms or 40 ticks behind
[01:52:01] [Server thread/WARN]: OLPETTI moved too quickly! 3.184159304071649,-0.2522033402537289,9.5078031194289
[01:52:13] [Server thread/WARN]: Can't keep up! Is the server overloaded? Running 6402ms or 128 ticks behind
[01:52:26] [Server thread/INFO]: <OLPETTI> EN LÖYDÄ
[01:52:30] [Server thread/WARN]: Can't keep up! Is the server overloaded? Running 2351ms or 47 ticks behind
[01:52:47] [Server thread/WARN]: Can't keep up! Is the server overloaded? Running 2152ms or 43 ticks behind
[01:53:05] [Server thread/WARN]: Can't keep up! Is the server overloaded? Running 2003ms or 40 ticks behind
[01:53:23] [Server thread/WARN]: Can't keep up! Is the server overloaded? Running 3174ms or 63 ticks behind
[01:53:41] [Server thread/WARN]: Can't keep up! Is the server overloaded? Running 2260ms or 45 ticks behind
[01:54:02] [Server thread/WARN]: Can't keep up! Is the server overloaded? Running 2010ms or 40 ticks behind
[01:54:22] [Server thread/WARN]: Can't keep up! Is the server overloaded? Running 5041ms or 100 ticks behind
[01:54:39] [Server thread/WARN]: Can't keep up! Is the server overloaded? Running 2267ms or 45 ticks behind
[01:55:02] [Server thread/WARN]: Can't keep up! Is the server overloaded? Running 2001ms or 40 ticks behind
[01:55:11] [Server thread/INFO]: <OLPETTI> oon jumissa endissä
[01:55:22] [Server thread/WARN]: Can't keep up! Is the server overloaded? Running 4197ms or 83 ticks behind
[01:55:40] [Server thread/WARN]: Can't keep up! Is the server overloaded? Running 3090ms or 61 ticks behind
[01:56:04] [Server thread/WARN]: Can't keep up! Is the server overloaded? Running 2010ms or 40 ticks behind
[01:56:23] [Server thread/WARN]: Can't keep up! Is the server overloaded? Running 2008ms or 40 ticks behind
[01:56:43] [Server thread/WARN]: Can't keep up! Is the server overloaded? Running 5180ms or 103 ticks behind
[01:56:52] [Server thread/WARN]: Fetching packet for removed entity atx['Air'/1279204, l='world', x=198.32, y=70.00, z=-166.48]
[01:57:01] [Server thread/WARN]: Can't keep up! Is the server overloaded? Running 2823ms or 56 ticks behind
[01:57:18] [Server thread/WARN]: Can't keep up! Is the server overloaded? Running 2152ms or 43 ticks behind
[01:57:33] [Server thread/WARN]: Fetching packet for removed entity atx['Air'/1279461, l='world', x=196.57, y=70.00, z=-164.25]
[01:57:36] [Server thread/WARN]: Can't keep up! Is the server overloaded? Running 2010ms or 40 ticks behind
[01:57:59] [Server thread/WARN]: OLPETTI moved too quickly! -10.119092193510483,-1.3767356137817188,-0.23711943798116408
[01:58:01] [Server thread/WARN]: Can't keep up! Is the server overloaded? Running 9737ms or 194 ticks behind
[01:58:18] [Server thread/WARN]: Fetching packet for removed entity atx['Air'/1280414, l='world', x=197.25, y=70.00, z=-166.75]
[01:58:20] [Server thread/WARN]: Can't keep up! Is the server overloaded? Running 4008ms or 80 ticks behind
[01:58:37] [Server thread/WARN]: Can't keep up! Is the server overloaded? Running 2199ms or 43 ticks behind
[01:58:54] [Server thread/WARN]: Can't keep up! Is the server overloaded? Running 2025ms or 40 ticks behind
[01:59:17] [Server thread/WARN]: Can't keep up! Is the server overloaded? Running 8340ms or 166 ticks behind
[01:59:38] [Server thread/WARN]: Can't keep up! Is the server overloaded? Running 5836ms or 116 ticks behind
[01:59:57] [Server thread/WARN]: Can't keep up! Is the server overloaded? Running 4346ms or 86 ticks behind
[02:00:16] [Server thread/WARN]: Can't keep up! Is the server overloaded? Running 3721ms or 74 ticks behind
[02:00:34] [Server thread/WARN]: Can't keep up! Is the server overloaded? Running 3037ms or 60 ticks behind
[02:00:53] [Server thread/WARN]: Can't keep up! Is the server overloaded? Running 3994ms or 79 ticks behind
[02:00:59] [User Authenticator #150/INFO]: UUID of player Kalpeamies is 863361cf-575d-4a2b-9373-ef24c1e73f98
[02:00:59] [Server thread/INFO]: Kalpeamies[/192.168.2.43:50371] logged in with entity id 1282790 at (122.29999997466803, 55.0000002, -173.70000002533197)
[02:00:59] [Server thread/INFO]: Kalpeamies joined the game
[02:01:02] [Server thread/INFO]: <OLPETTI> TERVE
[02:01:05] [Server thread/INFO]: <Kalpeamies> moi
[02:01:16] [Server thread/WARN]: Can't keep up! Is the server overloaded? Running 7714ms or 154 ticks behind
[02:01:25] [User Authenticator #151/INFO]: UUID of player TheJuzzi is f52f9076-5421-403a-bb37-6f9dc3881adf
[02:01:25] [Server thread/INFO]: TheJuzzi[/192.168.2.75:50297] logged in with entity id 1282996 at (119.29999997466803, 55.0000002, -173.70000002533197)
[02:01:25] [Server thread/INFO]: TheJuzzi joined the game
[02:01:26] [Server thread/INFO]: <vaatsu> moi
[02:01:28] [Server thread/INFO]: <OLPETTI> TERVE
[02:01:37] [Server thread/WARN]: Can't keep up! Is the server overloaded? Running 6213ms or 124 ticks behind
[02:01:41] [Server thread/INFO]: <TheJuzzi> terse
[02:01:57] [Server thread/WARN]: Can't keep up! Is the server overloaded? Running 5208ms or 104 ticks behind
[02:02:17] [Server thread/WARN]: Can't keep up! Is the server overloaded? Running 4480ms or 89 ticks behind
[02:02:43] [Server thread/WARN]: Can't keep up! Is the server overloaded? Running 11381ms or 227 ticks behind
[02:03:06] [Server thread/WARN]: Can't keep up! Is the server overloaded? Running 8139ms or 162 ticks behind
[02:03:06] [Server thread/INFO]: <OLPETTI> auttakaa
[02:03:18] [Server thread/INFO]: <TheJuzzi> ?
[02:03:22] [Server thread/INFO]: <OLPETTI> olen jumissa
[02:03:28] [Server thread/WARN]: Can't keep up! Is the server overloaded? Running 7358ms or 147 ticks behind
[02:03:50] [Server thread/WARN]: Can't keep up! Is the server overloaded? Running 6520ms or 130 ticks behind
[02:04:05] [Server thread/WARN]: Fetching packet for removed entity atx['Air'/1284429, l='world', x=190.12, y=70.00, z=-162.30]
[02:04:08] [Server thread/INFO]: TheJuzzi lost connection: Disconnected
[02:04:08] [Server thread/INFO]: TheJuzzi left the game
[02:04:10] [Server thread/WARN]: Can't keep up! Is the server overloaded? Running 5378ms or 107 ticks behind
[02:04:17] [Server thread/INFO]: <OLPETTI> lähinnä kaipaan ankkalan tai vaatsun apua sillä ne on ollut täällä ennen
[02:04:26] [Server thread/WARN]: Fetching packet for removed entity atx['Air'/1285165, l='world', x=198.32, y=70.00, z=-165.98]
[02:04:33] [Server thread/WARN]: Can't keep up! Is the server overloaded? Running 7788ms or 155 ticks behind
[02:04:48] [Server thread/INFO]: <OLPETTI> muta heitin tääl endissä enderpearlin jonnekkin jonne ei ois kannattanu enkä ottanu pickaxea
[02:04:55] [Server thread/WARN]: OLPETTI moved too quickly! -8.384086039273882,-0.16610926093821377,5.583221200349726
[02:04:55] [Server thread/WARN]: Fetching packet for removed entity atx['Air'/1285274, l='world', x=186.21, y=70.00, z=-163.06]
[02:04:57] [Server thread/WARN]: Can't keep up! Is the server overloaded? Running 9412ms or 188 ticks behind
[02:05:03] [Server thread/WARN]: Fetching packet for removed entity atx['Air'/1285300, l='world', x=190.70, y=70.00, z=-165.56]
[02:05:18] [Server thread/WARN]: Can't keep up! Is the server overloaded? Running 5692ms or 113 ticks behind
[02:05:24] [Server thread/INFO]: <vaatsu> f
[02:05:31] [Server thread/INFO]: <OLPETTI> bruh
[02:05:36] [Server thread/WARN]: Can't keep up! Is the server overloaded? Running 3463ms or 69 ticks behind
[02:05:54] [Server thread/WARN]: Can't keep up! Is the server overloaded? Running 2505ms or 50 ticks behind
[02:06:11] [Server thread/WARN]: Can't keep up! Is the server overloaded? Running 2284ms or 45 ticks behind
[02:06:31] [Server thread/WARN]: Can't keep up! Is the server overloaded? Running 5164ms or 103 ticks behind
[02:06:51] [Server thread/WARN]: Can't keep up! Is the server overloaded? Running 4236ms or 84 ticks behind
[02:07:09] [Server thread/WARN]: Can't keep up! Is the server overloaded? Running 3296ms or 65 ticks behind
[02:07:12] [Server thread/INFO]: <vaatsu> mitkä sun coordit on
[02:07:23] [Server thread/INFO]: <OLPETTI> pääsin pois
[02:07:27] [Server thread/WARN]: Can't keep up! Is the server overloaded? Running 3100ms or 62 ticks behind
[02:07:39] [Server thread/WARN]: OLPETTI moved too quickly! 5.281191371158798,-32.0,-1.2505553600485655
[02:07:44] [Server thread/WARN]: Can't keep up! Is the server overloaded? Running 2478ms or 49 ticks behind
[02:08:03] [Server thread/WARN]: Can't keep up! Is the server overloaded? Running 3648ms or 72 ticks behind
[02:08:22] [Server thread/WARN]: Can't keep up! Is the server overloaded? Running 3710ms or 74 ticks behind
[02:08:40] [Server thread/WARN]: Can't keep up! Is the server overloaded? Running 3329ms or 66 ticks behind
[02:08:58] [Server thread/WARN]: Can't keep up! Is the server overloaded? Running 3198ms or 63 ticks behind
[02:09:17] [Server thread/WARN]: Can't keep up! Is the server overloaded? Running 3636ms or 72 ticks behind
[02:09:21] [Server thread/INFO]: OLPETTI fell from a high place
[02:09:31] [Server thread/INFO]: <vaatsu> f
[02:09:36] [Server thread/WARN]: Can't keep up! Is the server overloaded? Running 4381ms or 87 ticks behind
[02:09:39] [Server thread/INFO]: <OLPETTI> gnung
[02:09:55] [Server thread/WARN]: Can't keep up! Is the server overloaded? Running 3618ms or 72 ticks behind
[02:10:07] [Server thread/WARN]: Fetching packet for removed entity atx['Air'/1287788, l='world', x=194.48, y=70.00, z=-168.17]
[02:10:13] [Server thread/WARN]: Can't keep up! Is the server overloaded? Running 3912ms or 78 ticks behind
[02:10:31] [Server thread/WARN]: Can't keep up! Is the server overloaded? Running 2045ms or 40 ticks behind
[02:10:51] [Server thread/WARN]: Can't keep up! Is the server overloaded? Running 5190ms or 103 ticks behind
[02:11:11] [Server thread/WARN]: OLPETTI moved too quickly! 9.123467442856565,3.4707767887922287,2.534187710130567
[02:11:13] [Server thread/WARN]: Can't keep up! Is the server overloaded? Running 7721ms or 154 ticks behind
[02:11:33] [Server thread/WARN]: Can't keep up! Is the server overloaded? Running 4202ms or 84 ticks behind
[02:11:54] [Server thread/WARN]: OLPETTI moved too quickly! -2195.8788268956305,15.392604549951344,-409.42688374168915
[02:11:54] [Server thread/WARN]: OLPETTI moved too quickly! -2195.8788268956305,15.392604549951344,-409.42688374168915
[02:11:54] [Server thread/WARN]: Can't keep up! Is the server overloaded? Running 6487ms or 129 ticks behind
[02:12:13] [Server thread/WARN]: Can't keep up! Is the server overloaded? Running 3908ms or 78 ticks behind
[02:12:32] [Server thread/WARN]: Can't keep up! Is the server overloaded? Running 4388ms or 87 ticks behind
[02:12:54] [Server thread/WARN]: Can't keep up! Is the server overloaded? Running 7194ms or 143 ticks behind
[02:13:17] [Server thread/WARN]: Can't keep up! Is the server overloaded? Running 7172ms or 143 ticks behind
[02:13:36] [Server thread/WARN]: Can't keep up! Is the server overloaded? Running 4680ms or 93 ticks behind
[02:13:54] [Server thread/WARN]: Can't keep up! Is the server overloaded? Running 2457ms or 49 ticks behind
[02:14:13] [Server thread/WARN]: Can't keep up! Is the server overloaded? Running 2007ms or 40 ticks behind
[02:14:33] [Server thread/WARN]: Can't keep up! Is the server overloaded? Running 4944ms or 98 ticks behind
[02:14:41] [Server thread/INFO]: <OLPETTI> miksi endermän aggro
[02:14:51] [Server thread/WARN]: Can't keep up! Is the server overloaded? Running 3226ms or 64 ticks behind
[02:14:56] [Server thread/INFO]: OLPETTI was slain by Enderman
[02:15:06] [Server thread/WARN]: Fetching packet for removed entity atx['Air'/1290739, l='world', x=188.22, y=70.00, z=-166.50]
[02:15:06] [Server thread/WARN]: Fetching packet for removed entity atx['Air'/1290739, l='world', x=188.22, y=70.00, z=-166.50]
[02:15:10] [Server thread/WARN]: Can't keep up! Is the server overloaded? Running 4303ms or 86 ticks behind
[02:15:29] [Server thread/WARN]: Can't keep up! Is the server overloaded? Running 3794ms or 75 ticks behind
[02:15:35] [Server thread/WARN]: Fetching packet for removed entity atx['Air'/1290853, l='world', x=196.06, y=70.00, z=-165.41]
[02:15:35] [Server thread/WARN]: Fetching packet for removed entity atx['Air'/1290853, l='world', x=196.06, y=70.00, z=-165.41]
[02:15:47] [Server thread/WARN]: Can't keep up! Is the server overloaded? Running 3538ms or 70 ticks behind
[02:16:06] [Server thread/WARN]: Can't keep up! Is the server overloaded? Running 3424ms or 68 ticks behind
[02:16:24] [Server thread/WARN]: Can't keep up! Is the server overloaded? Running 3597ms or 71 ticks behind
[02:16:28] [Server thread/WARN]: Fetching packet for removed entity atx['Air'/1291289, l='world', x=195.16, y=70.00, z=-165.59]
[02:16:44] [Server thread/WARN]: Can't keep up! Is the server overloaded? Running 4505ms or 90 ticks behind
[02:16:58] [Server thread/WARN]: OLPETTI moved too quickly! -2196.7779637076856,14.945106652967922,-408.8674474045274
[02:16:58] [Server thread/WARN]: OLPETTI moved too quickly! -2196.7779637076856,14.945106652967922,-408.8674474045274
[02:17:06] [Server thread/WARN]: Can't keep up! Is the server overloaded? Running 7418ms or 148 ticks behind
[02:17:25] [Server thread/WARN]: Can't keep up! Is the server overloaded? Running 3356ms or 67 ticks behind
[02:17:47] [Server thread/WARN]: Can't keep up! Is the server overloaded? Running 7334ms or 146 ticks behind
[02:18:06] [Server thread/WARN]: Can't keep up! Is the server overloaded? Running 4175ms or 83 ticks behind
[02:18:25] [Server thread/WARN]: Can't keep up! Is the server overloaded? Running 4336ms or 86 ticks behind
[02:18:44] [Server thread/WARN]: Can't keep up! Is the server overloaded? Running 4162ms or 83 ticks behind
[02:19:03] [Server thread/WARN]: Can't keep up! Is the server overloaded? Running 3553ms or 71 ticks behind
[02:19:23] [Server thread/WARN]: Can't keep up! Is the server overloaded? Running 4704ms or 94 ticks behind
[02:19:42] [Server thread/WARN]: Can't keep up! Is the server overloaded? Running 4384ms or 87 ticks behind
[02:20:01] [Server thread/WARN]: Can't keep up! Is the server overloaded? Running 3898ms or 77 ticks behind
[02:20:07] [Server thread/WARN]: Fetching packet for removed entity atx['Air'/1293312, l='world', x=193.52, y=70.00, z=-165.51]
[02:20:20] [Server thread/WARN]: Can't keep up! Is the server overloaded? Running 4262ms or 85 ticks behind
[02:20:29] [Server thread/WARN]: Fetching packet for removed entity atx['Air'/1293591, l='world', x=190.61, y=70.00, z=-166.49]
[02:20:40] [Server thread/WARN]: Can't keep up! Is the server overloaded? Running 4701ms or 94 ticks behind
[02:20:56] [Server thread/WARN]: Fetching packet for removed entity atx['Air'/1293833, l='world', x=197.14, y=70.00, z=-164.35]
[02:20:59] [Server thread/WARN]: Can't keep up! Is the server overloaded? Running 4507ms or 90 ticks behind
[02:21:19] [Server thread/WARN]: Can't keep up! Is the server overloaded? Running 4401ms or 88 ticks behind
[02:21:38] [Server thread/WARN]: Can't keep up! Is the server overloaded? Running 4703ms or 94 ticks behind
[02:21:58] [Server thread/WARN]: Can't keep up! Is the server overloaded? Running 4539ms or 90 ticks behind
[02:22:17] [Server thread/WARN]: Can't keep up! Is the server overloaded? Running 4321ms or 86 ticks behind
[02:22:36] [Server thread/WARN]: Can't keep up! Is the server overloaded? Running 3931ms or 78 ticks behind
[02:22:55] [Server thread/WARN]: Can't keep up! Is the server overloaded? Running 4160ms or 83 ticks behind
[02:23:14] [Server thread/WARN]: Can't keep up! Is the server overloaded? Running 4051ms or 81 ticks behind
[02:23:34] [Server thread/WARN]: Can't keep up! Is the server overloaded? Running 4908ms or 98 ticks behind
[02:23:53] [Server thread/WARN]: Can't keep up! Is the server overloaded? Running 4145ms or 82 ticks behind
[02:24:10] [Server thread/WARN]: OLPETTI moved too quickly! 5.577854666310827,1.3331999936342243,8.266093710329187
[02:24:14] [Server thread/WARN]: Can't keep up! Is the server overloaded? Running 6021ms or 120 ticks behind
[02:24:20] [Server thread/WARN]: Fetching packet for removed entity atx['Air'/1295939, l='world', x=193.64, y=70.00, z=-161.83]
[02:24:34] [Server thread/WARN]: Can't keep up! Is the server overloaded? Running 4322ms or 86 ticks behind
[02:24:53] [Server thread/WARN]: Can't keep up! Is the server overloaded? Running 4080ms or 81 ticks behind
[02:24:55] [Server thread/INFO]: OLPETTI fell out of the world
[02:24:58] [Server thread/WARN]: Fetching packet for removed entity atx['Air'/1296498, l='world', x=196.53, y=70.00, z=-166.26]
[02:24:58] [Server thread/WARN]: Fetching packet for removed entity atx['Air'/1296498, l='world', x=196.53, y=70.00, z=-166.26]
[02:25:00] [Server thread/INFO]: <Kalpeamies> f
[02:25:02] [Server thread/INFO]: <OLPETTI> auttakaa
[02:25:11] [Server thread/WARN]: Can't keep up! Is the server overloaded? Running 2978ms or 59 ticks behind
[02:25:30] [Server thread/WARN]: Can't keep up! Is the server overloaded? Running 4697ms or 93 ticks behind
[02:25:31] [Server thread/WARN]: Fetching packet for removed entity atx['Air'/1296891, l='world', x=190.32, y=70.00, z=-168.17]
[02:25:48] [Server thread/WARN]: Can't keep up! Is the server overloaded? Running 3012ms or 60 ticks behind
[02:26:06] [Server thread/WARN]: Can't keep up! Is the server overloaded? Running 2561ms or 51 ticks behind
[02:26:23] [Server thread/WARN]: Can't keep up! Is the server overloaded? Running 2299ms or 45 ticks behind
[02:26:42] [Server thread/WARN]: Can't keep up! Is the server overloaded? Running 3474ms or 69 ticks behind
[02:26:57] [Server thread/INFO]: <Kalpeamies> miten
[02:27:01] [Server thread/WARN]: Can't keep up! Is the server overloaded? Running 4420ms or 88 ticks behind
[02:27:18] [Server thread/INFO]: <OLPETTI> mun miekka on endissä
[02:27:20] [Server thread/WARN]: Can't keep up! Is the server overloaded? Running 4098ms or 81 ticks behind
[02:27:26] [Server thread/INFO]: <OLPETTI> siellä on vaarallista
[02:27:35] [Server thread/INFO]: Kalpeamies lost connection: Disconnected
[02:27:35] [Server thread/INFO]: Kalpeamies left the game
[02:27:38] [Server thread/WARN]: Can't keep up! Is the server overloaded? Running 3519ms or 70 ticks behind
[02:27:56] [Server thread/WARN]: Can't keep up! Is the server overloaded? Running 2019ms or 40 ticks behind
[02:28:12] [Server thread/WARN]: OLPETTI moved too quickly! -2197.535845424979,15.392604549951344,-409.918376789982
[02:28:12] [Server thread/WARN]: OLPETTI moved too quickly! -2197.535845424979,15.392604549951344,-409.918376789982
[02:28:17] [Server thread/WARN]: Can't keep up! Is the server overloaded? Running 5808ms or 116 ticks behind
[02:28:35] [Server thread/WARN]: Can't keep up! Is the server overloaded? Running 3022ms or 60 ticks behind
[02:28:59] [Server thread/WARN]: Can't keep up! Is the server overloaded? Running 2166ms or 43 ticks behind
[02:29:17] [Server thread/WARN]: Can't keep up! Is the server overloaded? Running 2008ms or 40 ticks behind
[02:29:35] [Server thread/WARN]: Can't keep up! Is the server overloaded? Running 2409ms or 48 ticks behind
[02:29:52] [Server thread/WARN]: Can't keep up! Is the server overloaded? Running 2300ms or 46 ticks behind
[02:30:14] [Server thread/WARN]: OLPETTI moved too quickly! 3.563098823738926,1.2491870787446828,9.582067555856838
[02:30:14] [Server thread/WARN]: Can't keep up! Is the server overloaded? Running 4233ms or 84 ticks behind
[02:30:33] [Server thread/WARN]: Can't keep up! Is the server overloaded? Running 2004ms or 40 ticks behind
[02:30:41] [Server thread/WARN]: Fetching packet for removed entity atx['Air'/1299700, l='world', x=196.07, y=70.00, z=-165.79]
[02:30:51] [Server thread/WARN]: Can't keep up! Is the server overloaded? Running 2956ms or 59 ticks behind
[02:31:08] [Server thread/WARN]: Can't keep up! Is the server overloaded? Running 2016ms or 40 ticks behind
[02:31:26] [Server thread/WARN]: Can't keep up! Is the server overloaded? Running 2426ms or 48 ticks behind
[02:31:43] [Server thread/WARN]: Can't keep up! Is the server overloaded? Running 2477ms or 49 ticks behind
[02:32:19] [Server thread/WARN]: Can't keep up! Is the server overloaded? Running 2002ms or 40 ticks behind
[02:32:37] [Server thread/WARN]: Can't keep up! Is the server overloaded? Running 2003ms or 40 ticks behind
[02:32:54] [Server thread/WARN]: Can't keep up! Is the server overloaded? Running 2021ms or 40 ticks behind
[02:33:11] [Server thread/WARN]: Can't keep up! Is the server overloaded? Running 2280ms or 45 ticks behind
[02:33:29] [Server thread/WARN]: Can't keep up! Is the server overloaded? Running 2991ms or 59 ticks behind
[02:33:46] [Server thread/WARN]: Can't keep up! Is the server overloaded? Running 2140ms or 42 ticks behind
[02:33:58] [Server thread/WARN]: Fetching packet for removed entity atx['Air'/1301388, l='world', x=193.45, y=70.00, z=-163.61]
[02:34:06] [Server thread/WARN]: Can't keep up! Is the server overloaded? Running 2017ms or 40 ticks behind
[02:34:23] [Server thread/WARN]: Can't keep up! Is the server overloaded? Running 2088ms or 41 ticks behind
[02:34:40] [Server thread/WARN]: Fetching packet for removed entity atx['Air'/1301880, l='world', x=195.14, y=70.00, z=-165.06]
[02:34:41] [Server thread/WARN]: Can't keep up! Is the server overloaded? Running 2472ms or 49 ticks behind
[02:34:58] [Server thread/WARN]: Can't keep up! Is the server overloaded? Running 2146ms or 42 ticks behind
[02:35:18] [Server thread/WARN]: Can't keep up! Is the server overloaded? Running 2002ms or 40 ticks behind
[02:35:40] [Server thread/WARN]: Can't keep up! Is the server overloaded? Running 2005ms or 40 ticks behind
[02:35:55] [Server thread/WARN]: OLPETTI moved too quickly! 0.35898676484941916,0.8322033533667508,10.169074487045236
[02:35:59] [Server thread/WARN]: Can't keep up! Is the server overloaded? Running 4152ms or 83 ticks behind
[02:36:16] [Server thread/WARN]: Fetching packet for removed entity atx['Air'/1302675, l='world', x=196.96, y=70.00, z=-166.17]
[02:36:16] [Server thread/WARN]: Can't keep up! Is the server overloaded? Running 2001ms or 40 ticks behind
[02:36:33] [Server thread/WARN]: Can't keep up! Is the server overloaded? Running 2023ms or 40 ticks behind
[02:37:09] [Server thread/WARN]: Can't keep up! Is the server overloaded? Running 2012ms or 40 ticks behind
[02:37:26] [Server thread/WARN]: Can't keep up! Is the server overloaded? Running 2259ms or 45 ticks behind
[02:37:43] [Server thread/WARN]: Can't keep up! Is the server overloaded? Running 2042ms or 40 ticks behind
[02:38:04] [Server thread/WARN]: Can't keep up! Is the server overloaded? Running 2003ms or 40 ticks behind
[02:38:18] [Server thread/WARN]: Fetching packet for removed entity atx['Air'/1303869, l='world', x=197.44, y=70.00, z=-164.83]
[02:38:21] [Server thread/WARN]: Can't keep up! Is the server overloaded? Running 2245ms or 44 ticks behind
[02:38:38] [Server thread/WARN]: Can't keep up! Is the server overloaded? Running 2267ms or 45 ticks behind
[02:38:50] [Server thread/WARN]: Fetching packet for removed entity atx['Air'/1304059, l='world', x=189.50, y=70.00, z=-164.27]
[02:38:57] [Server thread/WARN]: Can't keep up! Is the server overloaded? Running 2007ms or 40 ticks behind
[02:39:14] [Server thread/WARN]: Can't keep up! Is the server overloaded? Running 2003ms or 40 ticks behind
[02:39:34] [Server thread/WARN]: Can't keep up! Is the server overloaded? Running 2008ms or 40 ticks behind
[02:39:52] [Server thread/WARN]: Can't keep up! Is the server overloaded? Running 2671ms or 53 ticks behind
[02:40:09] [Server thread/WARN]: Can't keep up! Is the server overloaded? Running 2083ms or 41 ticks behind
[02:40:26] [Server thread/WARN]: Can't keep up! Is the server overloaded? Running 2051ms or 41 ticks behind
[02:40:45] [Server thread/WARN]: Can't keep up! Is the server overloaded? Running 2107ms or 42 ticks behind
[02:41:27] [Server thread/WARN]: Can't keep up! Is the server overloaded? Running 2001ms or 40 ticks behind
[02:41:31] [Server thread/WARN]: OLPETTI moved too quickly! -8.107288291233601,0.506135102106235,5.919193831319717
[02:41:39] [Server thread/WARN]: Fetching packet for removed entity atx['Air'/1305606, l='world', x=196.06, y=70.00, z=-166.29]
[02:41:46] [Server thread/WARN]: Can't keep up! Is the server overloaded? Running 4342ms or 86 ticks behind
[02:42:03] [Server thread/WARN]: Fetching packet for removed entity atx['Air'/1305748, l='world', x=196.54, y=70.00, z=-165.29]
[02:42:03] [Server thread/WARN]: Can't keep up! Is the server overloaded? Running 2084ms or 41 ticks behind
[02:42:21] [Server thread/WARN]: Can't keep up! Is the server overloaded? Running 2208ms or 44 ticks behind
[02:42:42] [Server thread/WARN]: Can't keep up! Is the server overloaded? Running 2001ms or 40 ticks behind
[02:43:00] [Server thread/WARN]: Can't keep up! Is the server overloaded? Running 2001ms or 40 ticks behind
[02:43:00] [Server thread/INFO]: <OLPETTI> jee sain mun kamat
[02:43:03] [Server thread/INFO]: <vaatsu> nice
[02:43:12] [Server thread/WARN]: OLPETTI moved too quickly! 6.815015629437653,-14.0,-7.553067638755238
[02:43:18] [Server thread/WARN]: Can't keep up! Is the server overloaded? Running 2002ms or 40 ticks behind
[02:43:36] [Server thread/WARN]: Can't keep up! Is the server overloaded? Running 2004ms or 40 ticks behind
[02:43:57] [Server thread/WARN]: Can't keep up! Is the server overloaded? Running 2003ms or 40 ticks behind
[02:44:14] [Server thread/WARN]: Can't keep up! Is the server overloaded? Running 2259ms or 45 ticks behind
[02:44:36] [Server thread/WARN]: Fetching packet for removed entity atx['Air'/1306707, l='world', x=186.16, y=70.00, z=-165.76]
[02:44:53] [Server thread/WARN]: Can't keep up! Is the server overloaded? Running 2007ms or 40 ticks behind
[02:45:21] [Server thread/WARN]: Can't keep up! Is the server overloaded? Running 2002ms or 40 ticks behind
[02:45:39] [Server thread/WARN]: Can't keep up! Is the server overloaded? Running 2025ms or 40 ticks behind
[02:45:56] [Server thread/WARN]: Can't keep up! Is the server overloaded? Running 2012ms or 40 ticks behind
[02:46:20] [Server thread/WARN]: Can't keep up! Is the server overloaded? Running 2008ms or 40 ticks behind
[02:46:45] [Server thread/WARN]: Can't keep up! Is the server overloaded? Running 2002ms or 40 ticks behind
[02:47:03] [Server thread/WARN]: Can't keep up! Is the server overloaded? Running 2931ms or 58 ticks behind
[02:47:07] [Server thread/WARN]: OLPETTI moved too quickly! 4.1931431362864515,-1.3800236743955452,-9.308238489050382
[02:47:23] [Server thread/WARN]: Can't keep up! Is the server overloaded? Running 5437ms or 108 ticks behind
[02:47:40] [Server thread/WARN]: Can't keep up! Is the server overloaded? Running 2156ms or 43 ticks behind
[02:48:01] [Server thread/WARN]: Fetching packet for removed entity atx['Air'/1308077, l='world', x=187.69, y=70.00, z=-166.74]
[02:48:09] [Server thread/WARN]: Can't keep up! Is the server overloaded? Running 2578ms or 51 ticks behind
[02:48:29] [Server thread/WARN]: Can't keep up! Is the server overloaded? Running 5351ms or 107 ticks behind
[02:48:48] [Server thread/WARN]: Can't keep up! Is the server overloaded? Running 3435ms or 68 ticks behind
[02:49:05] [Server thread/WARN]: Can't keep up! Is the server overloaded? Running 2811ms or 56 ticks behind
[02:49:11] [Server thread/WARN]: Fetching packet for removed entity atx['Air'/1308778, l='world', x=189.50, y=70.00, z=-164.27]
[02:49:23] [Server thread/WARN]: Can't keep up! Is the server overloaded? Running 2142ms or 42 ticks behind
[02:49:32] [Server thread/INFO]: OLPETTI fell out of the world
[02:49:39] [Server thread/INFO]: <OLPETTI> rip best in slot miekka
[02:49:41] [Server thread/WARN]: Can't keep up! Is the server overloaded? Running 3338ms or 66 ticks behind
[02:49:58] [Server thread/WARN]: Can't keep up! Is the server overloaded? Running 2406ms or 48 ticks behind
[02:50:06] [Server thread/INFO]: <OLPETTI> hei hei
[02:50:10] [Server thread/INFO]: OLPETTI lost connection: Disconnected
[02:50:10] [Server thread/INFO]: OLPETTI left the game
[02:50:33] [Server thread/WARN]: Can't keep up! Is the server overloaded? Running 2001ms or 40 ticks behind
[02:51:10] [Server thread/WARN]: Fetching packet for removed entity atx['Air'/1309711, l='world', x=190.48, y=70.00, z=-166.99]
[02:52:40] [Server thread/WARN]: Can't keep up! Is the server overloaded? Running 3462ms or 69 ticks behind
[02:52:56] [Server thread/WARN]: Fetching packet for removed entity atx['Air'/1310209, l='world', x=191.61, y=70.00, z=-166.98]
[02:53:29] [Server thread/WARN]: Can't keep up! Is the server overloaded? Running 2005ms or 40 ticks behind
[02:53:55] [Server thread/WARN]: Fetching packet for removed entity atx['Air'/1310573, l='world', x=187.69, y=70.00, z=-166.74]
[02:53:57] [Server thread/WARN]: Can't keep up! Is the server overloaded? Running 2014ms or 40 ticks behind
[02:56:01] [Server thread/WARN]: Fetching packet for removed entity atx['Air'/1311167, l='world', x=195.14, y=70.00, z=-164.11]
[02:56:42] [Server thread/WARN]: Fetching packet for removed entity atx['Air'/1311334, l='world', x=198.71, y=70.00, z=-161.83]
[02:57:47] [Server thread/WARN]: Can't keep up! Is the server overloaded? Running 2874ms or 57 ticks behind
[03:01:05] [Server thread/WARN]: Can't keep up! Is the server overloaded? Running 2001ms or 40 ticks behind
[03:02:33] [Server thread/WARN]: Can't keep up! Is the server overloaded? Running 2005ms or 40 ticks behind
[03:03:34] [Server thread/WARN]: Can't keep up! Is the server overloaded? Running 2002ms or 40 ticks behind
[03:04:26] [Server thread/WARN]: Can't keep up! Is the server overloaded? Running 2002ms or 40 ticks behind
[03:05:40] [Server thread/WARN]: Can't keep up! Is the server overloaded? Running 2004ms or 40 ticks behind
[03:05:42] [Server thread/WARN]: Fetching packet for removed entity atx['Air'/1314455, l='world', x=197.44, y=70.00, z=-162.48]
[03:06:39] [Server thread/WARN]: Can't keep up! Is the server overloaded? Running 2002ms or 40 ticks behind
[03:06:52] [Server thread/WARN]: Fetching packet for removed entity atx['Air'/1314803, l='world', x=199.17, y=70.00, z=-162.27]
[03:07:30] [Server thread/WARN]: Can't keep up! Is the server overloaded? Running 2003ms or 40 ticks behind
[03:08:03] [Server thread/WARN]: Can't keep up! Is the server overloaded? Running 2629ms or 52 ticks behind
[03:08:36] [Server thread/WARN]: Can't keep up! Is the server overloaded? Running 2006ms or 40 ticks behind
[03:09:24] [Server thread/WARN]: Can't keep up! Is the server overloaded? Running 2008ms or 40 ticks behind
[03:10:21] [Server thread/WARN]: Can't keep up! Is the server overloaded? Running 2001ms or 40 ticks behind
[03:10:24] [Server thread/WARN]: Fetching packet for removed entity atx['Air'/1316087, l='world', x=197.46, y=70.00, z=-166.21]
[03:10:48] [Server thread/WARN]: Can't keep up! Is the server overloaded? Running 2001ms or 40 ticks behind
[03:11:40] [Server thread/WARN]: Can't keep up! Is the server overloaded? Running 2002ms or 40 ticks behind
[03:12:15] [Server thread/WARN]: Can't keep up! Is the server overloaded? Running 2024ms or 40 ticks behind
[03:13:13] [Server thread/WARN]: Fetching packet for removed entity atx['Air'/1316915, l='world', x=195.61, y=70.00, z=-164.51]
[03:13:18] [Server thread/WARN]: Can't keep up! Is the server overloaded? Running 2326ms or 46 ticks behind
[03:13:29] [Server thread/WARN]: Fetching packet for removed entity atx['Air'/1316957, l='world', x=194.74, y=70.00, z=-166.79]
[03:14:08] [Server thread/WARN]: Can't keep up! Is the server overloaded? Running 2006ms or 40 ticks behind
[03:15:26] [Server thread/WARN]: Can't keep up! Is the server overloaded? Running 2006ms or 40 ticks behind
[03:15:39] [Server thread/INFO]: vaatsu lost connection: Disconnected
[03:15:39] [Server thread/INFO]: vaatsu left the game
[03:16:13] [Server thread/WARN]: Fetching packet for removed entity atx['Air'/1317744, l='world', x=191.88, y=70.00, z=-162.33]
[03:17:22] [Server thread/WARN]: Fetching packet for removed entity atx['Air'/1317899, l='world', x=195.20, y=70.00, z=-166.46]
[03:18:23] [Server thread/WARN]: Fetching packet for removed entity atx['Air'/1318021, l='world', x=197.79, y=70.00, z=-163.16]
[03:18:54] [Server thread/WARN]: Fetching packet for removed entity atx['Air'/1318089, l='world', x=190.89, y=70.00, z=-164.36]
[03:20:56] [Server thread/WARN]: Fetching packet for removed entity atx['Air'/1318364, l='world', x=191.49, y=64.00, z=-127.30]
[03:21:01] [Server thread/WARN]: Fetching packet for removed entity atx['Air'/1318373, l='world', x=188.97, y=70.00, z=-166.55]
[03:21:21] [User Authenticator #152/INFO]: UUID of player Attewir is b0960f3f-6776-428f-8179-dc6869e16f0c
[03:21:21] [Server thread/INFO]: Attewir[/84.253.220.209:29717] logged in with entity id 1318426 at (369.6154341904322, 68.5625, -218.88851169105124)
[03:21:21] [Server thread/INFO]: Attewir joined the game
[03:21:36] [Server thread/WARN]: Can't keep up! Is the server overloaded? Running 2003ms or 40 ticks behind
[03:21:50] [Server thread/WARN]: Fetching packet for removed entity atx['Air'/1318566, l='world', x=192.75, y=70.00, z=-166.92]
[03:21:54] [Server thread/WARN]: Can't keep up! Is the server overloaded? Running 2001ms or 40 ticks behind
[03:22:11] [Server thread/WARN]: Can't keep up! Is the server overloaded? Running 2080ms or 41 ticks behind
[03:22:28] [Server thread/WARN]: Can't keep up! Is the server overloaded? Running 2212ms or 44 ticks behind
[03:22:45] [Server thread/WARN]: Can't keep up! Is the server overloaded? Running 2017ms or 40 ticks behind
[03:23:03] [Server thread/WARN]: Can't keep up! Is the server overloaded? Running 2275ms or 45 ticks behind
[03:23:20] [Server thread/WARN]: Can't keep up! Is the server overloaded? Running 2004ms or 40 ticks behind
[03:23:38] [Server thread/WARN]: Can't keep up! Is the server overloaded? Running 3699ms or 73 ticks behind
[03:23:49] [Server thread/INFO]: Attewir lost connection: Disconnected
[03:23:49] [Server thread/INFO]: Attewir left the game
[03:26:35] [Server thread/WARN]: Fetching packet for removed entity atx['Air'/1319300, l='world', x=194.45, y=70.00, z=-164.10]
[03:26:51] [Server thread/WARN]: Fetching packet for removed entity atx['Air'/1319336, l='world', x=187.58, y=70.00, z=-165.69]
[03:27:33] [User Authenticator #153/INFO]: UUID of player Kalpeamies is 863361cf-575d-4a2b-9373-ef24c1e73f98
[03:27:34] [Server thread/INFO]: Kalpeamies[/192.168.2.43:50409] logged in with entity id 1319427 at (121.71617416884551, 55.0625, -170.3234731611984)
[03:27:34] [Server thread/INFO]: Kalpeamies joined the game
[03:27:37] [Server thread/INFO]: <Kalpeamies> pöö
[03:28:45] [Server thread/INFO]: Ankkala lost connection: Disconnected
[03:28:45] [Server thread/INFO]: Ankkala left the game
[03:40:20] [Server thread/INFO]: Kalpeamies lost connection: Disconnected
[03:40:20] [Server thread/INFO]: Kalpeamies left the game
